INFO 2023-05-02 01:21:53,857 autoreload 637 Watching for file changes with StatReloader
INFO 2023-05-02 01:22:10,594 basehttp 161 "GET / HTTP/1.1" 200 10697
INFO 2023-05-02 01:25:46,545 autoreload 251 /Users/liu/Desktop/PersonalProject/Project/OnlineMall/online_mall/online_mall/urls.py changed, reloading.
INFO 2023-05-02 01:25:46,959 autoreload 637 Watching for file changes with StatReloader
INFO 2023-05-02 01:26:20,689 autoreload 251 /Users/liu/Desktop/PersonalProject/Project/OnlineMall/online_mall/online_mall/urls.py changed, reloading.
INFO 2023-05-02 01:26:21,029 autoreload 637 Watching for file changes with StatReloader
INFO 2023-05-02 01:27:41,838 autoreload 251 /Users/liu/Desktop/PersonalProject/Project/OnlineMall/online_mall/online_mall/urls.py changed, reloading.
INFO 2023-05-02 01:27:42,151 autoreload 637 Watching for file changes with StatReloader
WARNING 2023-05-02 01:27:53,679 log 230 Not Found: /
WARNING 2023-05-02 01:27:53,680 basehttp 161 "GET / HTTP/1.1" 404 2168
INFO 2023-05-02 01:27:54,695 basehttp 161 "GET /log HTTP/1.1" 301 0
INFO 2023-05-02 01:27:54,700 basehttp 161 "GET /log/ HTTP/1.1" 200 3
INFO 2023-05-02 01:30:06,672 autoreload 251 /Users/liu/Desktop/PersonalProject/Project/OnlineMall/online_mall/online_mall/urls.py changed, reloading.
INFO 2023-05-02 01:30:07,005 autoreload 637 Watching for file changes with StatReloader
INFO 2023-05-02 01:30:12,954 urls 23 user logged in
WARNING 2023-05-02 01:30:12,955 urls 24 redis warning
ERROR 2023-05-02 01:30:12,955 urls 25 recorde doesn;t exist
INFO 2023-05-02 01:30:12,957 basehttp 161 "GET /log/ HTTP/1.1" 200 3
INFO 2023-05-02 03:14:35,723 autoreload 251 /Users/liu/Desktop/PersonalProject/Project/OnlineMall/online_mall/online_mall/settings.py changed, reloading.
INFO 2023-05-02 03:14:36,173 autoreload 637 Watching for file changes with StatReloader
INFO 2023-05-02 03:15:03,767 autoreload 251 /Users/liu/Desktop/PersonalProject/Project/OnlineMall/online_mall/online_mall/settings.py changed, reloading.
INFO 2023-05-02 03:15:04,094 autoreload 637 Watching for file changes with StatReloader
INFO 2023-05-02 03:15:14,386 autoreload 251 /Users/liu/Desktop/PersonalProject/Project/OnlineMall/online_mall/online_mall/settings.py changed, reloading.
INFO 2023-05-02 03:15:14,740 autoreload 637 Watching for file changes with StatReloader
INFO 2023-05-02 03:15:54,844 autoreload 637 Watching for file changes with StatReloader
WARNING 2023-05-02 03:16:47,357 log 230 Not Found: /
WARNING 2023-05-02 03:16:47,358 basehttp 161 "GET / HTTP/1.1" 404 2178
WARNING 2023-05-02 03:16:47,392 log 230 Not Found: /favicon.ico
WARNING 2023-05-02 03:16:47,393 basehttp 161 "GET /favicon.ico HTTP/1.1" 404 2229
INFO 2023-05-02 03:16:56,130 basehttp 161 "GET /log HTTP/1.1" 301 0
INFO 2023-05-02 03:16:56,136 urls 23 user logged in
WARNING 2023-05-02 03:16:56,136 urls 24 redis warning
ERROR 2023-05-02 03:16:56,137 urls 25 recorde doesn;t exist
INFO 2023-05-02 03:16:56,138 basehttp 161 "GET /log/ HTTP/1.1" 200 3
INFO 2023-05-02 03:20:00,908 urls 23 user logged in
WARNING 2023-05-02 03:20:00,909 urls 24 redis warning
ERROR 2023-05-02 03:20:00,909 urls 25 recorde doesn;t exist
INFO 2023-05-02 03:20:00,910 basehttp 161 "GET /log/ HTTP/1.1" 200 3
